<?xml version="1.0" encoding="UTF-8"?>
<testsuite name="Smoke Test"
           tests="2"
           failures="0"
           errors="0"
           skipped="0"
           time="20.704">
  <properties />
  
  
            <testcase name="verifyProductAddedToShoppingCartSuccessFully" time="17.573" classname="com.nopcommerce.demo.testsuite.ComputersTest" />
                <testcase name="verifyProductArrangeInAlphabeticalOrder" time="3.131" classname="com.nopcommerce.demo.testsuite.ComputersTest" />
      
</testsuite>
